0 info it worked if it ends with ok
1 verbose cli [ '/usr/local/bin/node',
1 verbose cli   '/usr/local/bin/npm',
1 verbose cli   'install',
1 verbose cli   '-g',
1 verbose cli   'ios-deploy' ]
2 info using npm@3.8.1
3 info using node@v4.4.0
4 silly loadCurrentTree Starting
5 silly install loadCurrentTree
6 silly install readGlobalPackageData
7 silly fetchPackageMetaData ios-deploy
8 silly fetchNamedPackageData ios-deploy
9 silly mapToRegistry name ios-deploy
10 silly mapToRegistry using default registry
11 silly mapToRegistry registry https://registry.npmjs.org/
12 silly mapToRegistry uri https://registry.npmjs.org/ios-deploy
13 verbose request uri https://registry.npmjs.org/ios-deploy
14 verbose request no auth needed
15 info attempt registry request try #1 at 18:07:55
16 verbose request id 0e3ac69ae80fa835
17 verbose etag W/"589653e6-a556"
18 verbose lastModified Sat, 04 Feb 2017 22:21:26 GMT
19 http request GET https://registry.npmjs.org/ios-deploy
20 http 304 https://registry.npmjs.org/ios-deploy
21 verbose headers { date: 'Thu, 06 Apr 2017 21:07:56 GMT',
21 verbose headers   via: '1.1 varnish',
21 verbose headers   'cache-control': 'max-age=300',
21 verbose headers   etag: 'W/"589653e6-a556"',
21 verbose headers   age: '297',
21 verbose headers   connection: 'keep-alive',
21 verbose headers   'x-served-by': 'cache-gru7125-GRU',
21 verbose headers   'x-cache': 'HIT',
21 verbose headers   'x-cache-hits': '2',
21 verbose headers   'x-timer': 'S1491512876.037497,VS0,VE0',
21 verbose headers   vary: 'Accept-Encoding' }
22 silly get cb [ 304,
22 silly get   { date: 'Thu, 06 Apr 2017 21:07:56 GMT',
22 silly get     via: '1.1 varnish',
22 silly get     'cache-control': 'max-age=300',
22 silly get     etag: 'W/"589653e6-a556"',
22 silly get     age: '297',
22 silly get     connection: 'keep-alive',
22 silly get     'x-served-by': 'cache-gru7125-GRU',
22 silly get     'x-cache': 'HIT',
22 silly get     'x-cache-hits': '2',
22 silly get     'x-timer': 'S1491512876.037497,VS0,VE0',
22 silly get     vary: 'Accept-Encoding' } ]
23 verbose etag https://registry.npmjs.org/ios-deploy from cache
24 verbose get saving ios-deploy to /Users/eric/.npm/registry.npmjs.org/ios-deploy/.cache.json
25 verbose correctMkdir /Users/eric/.npm correctMkdir not in flight; initializing
26 silly install normalizeTree
27 silly loadCurrentTree Finishing
28 silly loadIdealTree Starting
29 silly install loadIdealTree
30 silly cloneCurrentTree Starting
31 silly install cloneCurrentTreeToIdealTree
32 silly cloneCurrentTree Finishing
33 silly loadShrinkwrap Starting
34 silly install loadShrinkwrap
35 silly loadShrinkwrap Finishing
36 silly loadAllDepsIntoIdealTree Starting
37 silly install loadAllDepsIntoIdealTree
38 silly resolveWithNewModule ios-deploy@1.9.1 checking installable status
39 silly cache add args [ 'ios-deploy', null ]
40 verbose cache add spec ios-deploy
41 silly cache add parsed spec Result {
41 silly cache add   raw: 'ios-deploy',
41 silly cache add   scope: null,
41 silly cache add   name: 'ios-deploy',
41 silly cache add   rawSpec: '',
41 silly cache add   spec: 'latest',
41 silly cache add   type: 'tag' }
42 silly addNamed ios-deploy@latest
43 verbose addNamed "latest" is being treated as a dist-tag for ios-deploy
44 info addNameTag [ 'ios-deploy', 'latest' ]
45 silly mapToRegistry name ios-deploy
46 silly mapToRegistry using default registry
47 silly mapToRegistry registry https://registry.npmjs.org/
48 silly mapToRegistry uri https://registry.npmjs.org/ios-deploy
49 verbose addNameTag registry:https://registry.npmjs.org/ios-deploy not in flight; fetching
50 verbose get https://registry.npmjs.org/ios-deploy not expired, no request
51 silly addNameTag next cb for ios-deploy with tag latest
52 silly addNamed ios-deploy@1.9.1
53 verbose addNamed "1.9.1" is a plain semver version for ios-deploy
54 silly cache afterAdd ios-deploy@1.9.1
55 verbose afterAdd /Users/eric/.npm/ios-deploy/1.9.1/package/package.json not in flight; writing
56 verbose correctMkdir /Users/eric/.npm correctMkdir not in flight; initializing
57 verbose afterAdd /Users/eric/.npm/ios-deploy/1.9.1/package/package.json written
58 silly loadAllDepsIntoIdealTree Finishing
59 silly idealTree:prePrune lib
59 silly idealTree:prePrune └── ios-deploy@1.9.1
60 silly loadIdealTree Finishing
61 silly currentTree lib
62 silly idealTree lib
62 silly idealTree └── ios-deploy@1.9.1
63 silly generateActionsToTake Starting
64 silly install generateActionsToTake
65 silly generateActionsToTake Finishing
66 silly diffTrees action count 1
67 silly diffTrees add ios-deploy@1.9.1
68 silly decomposeActions action count 8
69 silly decomposeActions fetch ios-deploy@1.9.1
70 silly decomposeActions extract ios-deploy@1.9.1
71 silly decomposeActions test ios-deploy@1.9.1
72 silly decomposeActions preinstall ios-deploy@1.9.1
73 silly decomposeActions build ios-deploy@1.9.1
74 silly decomposeActions install ios-deploy@1.9.1
75 silly decomposeActions postinstall ios-deploy@1.9.1
76 silly decomposeActions finalize ios-deploy@1.9.1
77 silly executeActions Starting
78 silly install executeActions
79 silly doSerial global-install 0
80 silly doParallel fetch 1
81 verbose correctMkdir /Users/eric/.npm/_locks correctMkdir not in flight; initializing
82 verbose lock using /Users/eric/.npm/_locks/staging-3a08f0df5026584d.lock for /usr/local/lib/node_modules/.staging
83 silly doParallel extract 1
84 silly extract ios-deploy@1.9.1
85 verbose unbuild lib/node_modules/.staging/ios-deploy-298c9491
86 silly gentlyRm /usr/local/lib/node_modules/.staging/ios-deploy-298c9491 is being purged from base /usr/local
87 verbose gentlyRm don't care about contents; nuking /usr/local/lib/node_modules/.staging/ios-deploy-298c9491
88 verbose tar unpack /Users/eric/.npm/ios-deploy/1.9.1/package.tgz
89 verbose tar unpacking to /usr/local/lib/node_modules/.staging/ios-deploy-298c9491
90 silly gentlyRm /usr/local/lib/node_modules/.staging/ios-deploy-298c9491 is being purged
91 verbose gentlyRm don't care about contents; nuking /usr/local/lib/node_modules/.staging/ios-deploy-298c9491
92 silly gunzTarPerm modes [ '755', '644' ]
93 silly gunzTarPerm extractEntry package.json
94 silly gunzTarPerm extractEntry .npmignore
95 silly gunzTarPerm extractEntry README.md
96 silly gunzTarPerm extractEntry LICENSE
97 silly gunzTarPerm extractEntry .travis.yml
98 silly gunzTarPerm extractEntry .github/CONTRIBUTING.md
99 silly gunzTarPerm extractEntry .github/ISSUE_TEMPLATE.md
100 silly gunzTarPerm extractEntry demo/.npmignore
101 silly gunzTarPerm extractEntry demo/Entitlements.plist
102 silly gunzTarPerm extractEntry demo/Info.plist
103 silly gunzTarPerm extractEntry demo/Makefile
104 silly gunzTarPerm extractEntry demo/ResourceRules.plist
105 silly gunzTarPerm extractEntry demo/demo.c
106 silly gunzTarPerm extractEntry ios-deploy.xcodeproj/project.pbxproj
107 silly gunzTarPerm extractEntry ios-deploy.xcodeproj/xcshareddata/xcschemes/ios-deploy-tests.xcscheme
108 silly gunzTarPerm extractEntry src/ios-deploy/MobileDevice.h
109 silly gunzTarPerm extractEntry src/ios-deploy/device_db.h
110 silly gunzTarPerm extractEntry src/ios-deploy/errors.h
111 silly gunzTarPerm extractEntry src/ios-deploy/ios-deploy.m
112 silly gunzTarPerm extractEntry src/ios-deploy/version.h
113 silly gunzTarPerm extractEntry src/ios-deploy-lib/libios_deploy.h
114 silly gunzTarPerm extractEntry src/ios-deploy-lib/libios_deploy.m
115 silly gunzTarPerm extractEntry src/ios-deploy-tests/Info.plist
116 silly gunzTarPerm extractEntry src/ios-deploy-tests/ios_deploy_tests.m
117 silly gunzTarPerm extractEntry src/scripts/check_reqs.js
118 silly gunzTarPerm extractEntry src/scripts/lldb.py
119 silly gentlyRm /usr/local/lib/node_modules/.staging/ios-deploy-298c9491/node_modules is being purged
120 verbose gentlyRm don't care about contents; nuking /usr/local/lib/node_modules/.staging/ios-deploy-298c9491/node_modules
121 silly doParallel preinstall 1
122 silly preinstall ios-deploy@1.9.1 /usr/local/lib/node_modules/.staging/ios-deploy-298c9491
123 info lifecycle ios-deploy@1.9.1~preinstall: ios-deploy@1.9.1
124 warn lifecycle ios-deploy@1.9.1~preinstall: cannot run in wd %s %s (wd=%s) ios-deploy@1.9.1 ./src/scripts/check_reqs.js && xcodebuild /usr/local/lib/node_modules/.staging/ios-deploy-298c9491
125 silly doReverseSerial remove 0
126 silly doSerial move 0
127 silly doSerial finalize 1
128 silly finalize /usr/local/lib/node_modules/ios-deploy
129 silly doSerial build 1
130 silly build ios-deploy@1.9.1
131 info linkStuff ios-deploy@1.9.1
132 silly linkStuff ios-deploy@1.9.1 has /usr/local/lib/node_modules as its parent node_modules
133 silly linkStuff ios-deploy@1.9.1 is part of a global install
134 silly linkStuff ios-deploy@1.9.1 is installed into a global node_modules
135 silly linkStuff ios-deploy@1.9.1 is installed into the top-level global node_modules
136 verbose linkBins ios-deploy@1.9.1
137 verbose link bins [ { 'ios-deploy': './build/Release/ios-deploy' },
137 verbose link bins   '/usr/local/bin',
137 verbose link bins   true ]
138 verbose linkMans ios-deploy@1.9.1
139 verbose unlock done using /Users/eric/.npm/_locks/staging-3a08f0df5026584d.lock for /usr/local/lib/node_modules/.staging
140 silly rollbackFailedOptional Starting
141 silly rollbackFailedOptional Finishing
142 silly runTopLevelLifecycles Starting
143 silly runTopLevelLifecycles Finishing
144 silly install printInstalled
145 verbose stack Error: ENOENT: no such file or directory, chmod '/usr/local/lib/node_modules/ios-deploy/build/Release/ios-deploy'
145 verbose stack     at Error (native)
146 verbose cwd /Users/eric/izie/app.eric
147 error Darwin 15.6.0
148 error argv "/usr/local/bin/node" "/usr/local/bin/npm" "install" "-g" "ios-deploy"
149 error node v4.4.0
150 error npm  v3.8.1
151 error path /usr/local/lib/node_modules/ios-deploy/build/Release/ios-deploy
152 error code ENOENT
153 error errno -2
154 error syscall chmod
155 error enoent ENOENT: no such file or directory, chmod '/usr/local/lib/node_modules/ios-deploy/build/Release/ios-deploy'
156 error enoent ENOENT: no such file or directory, chmod '/usr/local/lib/node_modules/ios-deploy/build/Release/ios-deploy'
156 error enoent This is most likely not a problem with npm itself
156 error enoent and is related to npm not being able to find a file.
157 verbose exit [ -2, true ]
